2025-05-17 18:24:10,684 - INFO - Simple Controller Server starting up...
2025-05-17 18:24:10,685 - INFO - Press Ctrl+C to exit
2025-05-17 18:24:10,687 - INFO - UDP server listening on 0.0.0.0:9001
2025-05-17 18:24:10,687 - INFO - TCP server started on 0.0.0.0:9001
2025-05-17 18:36:37,566 - INFO - Received: CONNECT:player1
2025-05-17 18:36:37,566 - WARNING - Invalid coordinate format: player1
2025-05-17 18:36:37,566 - INFO - Received: REGISTER:player1
2025-05-17 18:36:37,566 - WARNING - Invalid coordinate format: player1
2025-05-17 18:36:54,222 - INFO - Received: player1:STICK_DIR_btnA:0.0,0.0
2025-05-17 18:36:54,224 - WARNING - Unknown coordinate command: STICK_DIR_btnA
2025-05-17 18:37:08,108 - INFO - Received: player1:STICK_DIR_touchpad_1747525018550:0.0,0.0
2025-05-17 18:37:08,112 - WARNING - Unknown coordinate command: STICK_DIR_touchpad_1747525018550
2025-05-17 18:37:12,143 - INFO - Received: player1:STICK_DIR_touchpad_1747525018550:0.0,0.0
2025-05-17 18:37:12,143 - WARNING - Unknown coordinate command: STICK_DIR_touchpad_1747525018550
2025-05-17 18:37:15,984 - INFO - Received: CONNECT:player1
2025-05-17 18:37:15,984 - WARNING - Invalid coordinate format: player1
2025-05-17 18:37:15,984 - INFO - Received: REGISTER:player1
2025-05-17 18:37:15,984 - WARNING - Invalid coordinate format: player1
2025-05-17 18:37:20,383 - INFO - Received: player1:TOUCHPAD:0.0,0.2
2025-05-17 18:37:20,385 - INFO - Received: player1:TOUCHPAD:0.0,0.2
2025-05-17 18:37:20,385 - INFO - Received: player1:TOUCHPAD:0.0,0.2
2025-05-17 18:37:20,393 - INFO - Received: player1:TOUCHPAD:0.0,0.2
2025-05-17 18:37:20,422 - INFO - Received: player1:TOUCHPAD:0.0,0.1
2025-05-17 18:37:20,462 - INFO - Received: player1:TOUCHPAD:0.0,0.1
2025-05-17 18:37:20,533 - INFO - Received: player1:TOUCHPAD:-0.0,0.1
2025-05-17 18:37:20,598 - INFO - Received: player1:TOUCHPAD:-0.0,0.1
2025-05-17 18:37:20,599 - INFO - Received: player1:TOUCHPAD:-0.0,0.0
2025-05-17 18:37:20,617 - INFO - Received: player1:TOUCHPAD:-0.0,0.0
2025-05-17 18:37:20,639 - INFO - Received: player1:TOUCHPAD:-0.1,0.0
2025-05-17 18:37:20,653 - INFO - Received: player1:TOUCHPAD:-0.1,0.0
2025-05-17 18:37:20,697 - INFO - Received: player1:TOUCHPAD:-0.1,0.0
2025-05-17 18:37:20,698 - INFO - Received: player1:TOUCHPAD:-0.2,0.0
2025-05-17 18:37:20,704 - INFO - Received: player1:TOUCHPAD:-0.2,0.0
2025-05-17 18:37:20,718 - INFO - Received: player1:TOUCHPAD:-0.2,0.0
2025-05-17 18:37:20,736 - INFO - Received: player1:TOUCHPAD:-0.2,-0.0
2025-05-17 18:37:20,770 - INFO - Received: player1:TOUCHPAD:-0.3,-0.0
2025-05-17 18:37:20,806 - INFO - Received: player1:TOUCHPAD:-0.3,-0.0
2025-05-17 18:37:20,920 - INFO - Received: player1:TOUCHPAD:-0.3,-0.0
2025-05-17 18:37:20,972 - INFO - Received: player1:TOUCHPAD:-0.3,-0.0
2025-05-17 18:37:21,004 - INFO - Received: player1:TOUCHPAD:-0.3,-0.1
2025-05-17 18:37:21,029 - INFO - Received: player1:TOUCHPAD:-0.3,-0.1
2025-05-17 18:37:21,047 - INFO - Received: player1:TOUCHPAD:-0.3,-0.2
2025-05-17 18:37:21,070 - INFO - Received: player1:TOUCHPAD:-0.3,-0.2
2025-05-17 18:37:21,086 - INFO - Received: player1:TOUCHPAD:-0.3,-0.2
2025-05-17 18:37:21,096 - INFO - Received: player1:TOUCHPAD:-0.3,-0.2
2025-05-17 18:37:21,113 - INFO - Received: player1:TOUCHPAD:-0.3,-0.3
2025-05-17 18:37:21,128 - INFO - Received: player1:TOUCHPAD:-0.3,-0.3
2025-05-17 18:37:21,147 - INFO - Received: player1:TOUCHPAD:-0.3,-0.3
2025-05-17 18:37:21,163 - INFO - Received: player1:TOUCHPAD:-0.3,-0.3
2025-05-17 18:37:21,185 - INFO - Received: player1:TOUCHPAD:-0.3,-0.3
2025-05-17 18:37:21,194 - INFO - Received: player1:TOUCHPAD:-0.3,-0.4
2025-05-17 18:37:21,213 - INFO - Received: player1:TOUCHPAD:-0.3,-0.4
2025-05-17 18:37:21,222 - INFO - Received: player1:TOUCHPAD:-0.3,-0.4
2025-05-17 18:37:21,227 - INFO - Received: player1:TOUCHPAD:-0.3,-0.4
2025-05-17 18:37:21,237 - INFO - Received: player1:TOUCHPAD:-0.3,-0.5
2025-05-17 18:37:21,246 - INFO - Received: player1:TOUCHPAD:-0.3,-0.5
2025-05-17 18:37:21,253 - INFO - Received: player1:TOUCHPAD:-0.3,-0.5
2025-05-17 18:37:21,260 - INFO - Received: player1:TOUCHPAD:-0.3,-0.6
2025-05-17 18:37:21,271 - INFO - Received: player1:TOUCHPAD:-0.3,-0.6
2025-05-17 18:37:21,278 - INFO - Received: player1:TOUCHPAD:-0.3,-0.6
2025-05-17 18:37:21,286 - INFO - Received: player1:TOUCHPAD:-0.3,-0.7
2025-05-17 18:37:21,295 - INFO - Received: player1:TOUCHPAD:-0.3,-0.7
2025-05-17 18:37:21,303 - INFO - Received: player1:TOUCHPAD:-0.3,-0.7
2025-05-17 18:37:21,321 - INFO - Received: player1:TOUCHPAD:-0.4,-0.8
2025-05-17 18:37:21,330 - INFO - Received: player1:TOUCHPAD:-0.4,-0.9
2025-05-17 18:37:21,339 - INFO - Received: player1:TOUCHPAD:-0.4,-0.9
2025-05-17 18:37:21,344 - INFO - Received: player1:TOUCHPAD:-0.4,-1.0
2025-05-17 18:37:21,352 - INFO - Received: player1:TOUCHPAD:-0.4,-1.0
2025-05-17 18:37:21,362 - INFO - Received: player1:TOUCHPAD:-0.4,-1.1
2025-05-17 18:37:21,377 - INFO - Received: player1:TOUCHPAD:-0.5,-1.2
2025-05-17 18:37:21,390 - INFO - Received: player1:TOUCHPAD:-0.5,-1.2
2025-05-17 18:37:21,395 - INFO - Received: player1:TOUCHPAD:-0.5,-1.2
2025-05-17 18:37:21,403 - INFO - Received: player1:TOUCHPAD:-0.5,-1.3
2025-05-17 18:37:21,414 - INFO - Received: player1:TOUCHPAD:-0.5,-1.3
2025-05-17 18:37:21,422 - INFO - Received: player1:TOUCHPAD:-0.6,-1.4
2025-05-17 18:37:21,429 - INFO - Received: player1:TOUCHPAD:-0.6,-1.4
2025-05-17 18:37:21,437 - INFO - Received: player1:TOUCHPAD:-0.6,-1.5
2025-05-17 18:37:21,445 - INFO - Received: player1:TOUCHPAD:-0.6,-1.5
2025-05-17 18:37:21,455 - INFO - Received: player1:TOUCHPAD:-0.6,-1.5
2025-05-17 18:37:21,472 - INFO - Received: player1:TOUCHPAD:-0.6,-1.6
2025-05-17 18:37:21,495 - INFO - Received: player1:TOUCHPAD:-0.6,-1.7
2025-05-17 18:37:21,503 - INFO - Received: player1:TOUCHPAD:-0.7,-1.7
2025-05-17 18:37:21,521 - INFO - Received: player1:TOUCHPAD:-0.7,-1.8
2025-05-17 18:37:21,529 - INFO - Received: player1:TOUCHPAD:-0.7,-1.8
2025-05-17 18:37:21,548 - INFO - Received: player1:TOUCHPAD:-0.7,-1.9
2025-05-17 18:37:21,566 - INFO - Received: player1:TOUCHPAD:-0.7,-1.9
2025-05-17 18:37:21,591 - INFO - Received: player1:TOUCHPAD:-0.8,-2.0
2025-05-17 18:37:21,896 - INFO - Received: player1:TOUCHPAD:0.0,0.0
2025-05-17 18:37:21,934 - INFO - Received: player1:TOUCHPAD:-0.5,-0.1
2025-05-17 18:37:22,008 - INFO - Received: player1:TOUCHPAD:-0.5,-0.1
2025-05-17 18:37:22,032 - INFO - Received: player1:TOUCHPAD:-0.5,-0.1
2025-05-17 18:37:22,050 - INFO - Received: player1:TOUCHPAD:-0.6,-0.1
2025-05-17 18:37:22,058 - INFO - Received: player1:TOUCHPAD:-0.6,-0.1
2025-05-17 18:37:22,067 - INFO - Received: player1:TOUCHPAD:-0.7,-0.1
2025-05-17 18:37:22,073 - INFO - Received: player1:TOUCHPAD:-0.8,-0.1
2025-05-17 18:37:22,081 - INFO - Received: player1:TOUCHPAD:-0.9,-0.1
2025-05-17 18:37:22,094 - INFO - Received: player1:TOUCHPAD:-1.0,-0.1
2025-05-17 18:37:22,099 - INFO - Received: player1:TOUCHPAD:-1.2,-0.1
2025-05-17 18:37:22,112 - INFO - Received: player1:TOUCHPAD:-1.3,-0.1
2025-05-17 18:37:22,114 - INFO - Received: player1:TOUCHPAD:-1.4,-0.1
2025-05-17 18:37:22,123 - INFO - Received: player1:TOUCHPAD:-1.4,-0.1
2025-05-17 18:37:22,131 - INFO - Received: player1:TOUCHPAD:-1.5,-0.1
2025-05-17 18:37:22,142 - INFO - Received: player1:TOUCHPAD:-1.6,-0.1
2025-05-17 18:37:22,166 - INFO - Received: player1:TOUCHPAD:-1.7,-0.2
2025-05-17 18:37:22,184 - INFO - Received: player1:TOUCHPAD:-1.7,-0.2
2025-05-17 18:37:22,200 - INFO - Received: player1:TOUCHPAD:-1.8,-0.2
2025-05-17 18:37:22,219 - INFO - Received: player1:TOUCHPAD:-1.8,-0.2
2025-05-17 18:37:22,232 - INFO - Received: player1:TOUCHPAD:-1.9,-0.2
2025-05-17 18:37:22,249 - INFO - Received: player1:TOUCHPAD:-1.9,-0.2
2025-05-17 18:37:22,271 - INFO - Received: player1:TOUCHPAD:-1.9,-0.2
2025-05-17 18:37:22,291 - INFO - Received: player1:TOUCHPAD:-2.0,-0.2
2025-05-17 18:37:22,316 - INFO - Received: player1:TOUCHPAD:-2.1,-0.2
2025-05-17 18:37:22,342 - INFO - Received: player1:TOUCHPAD:-2.1,-0.2
2025-05-17 18:37:22,367 - INFO - Received: player1:TOUCHPAD:-2.2,-0.2
2025-05-17 18:37:22,404 - INFO - Received: player1:TOUCHPAD:-2.2,-0.2
2025-05-17 18:37:22,435 - INFO - Received: player1:TOUCHPAD:-2.3,-0.2
2025-05-17 18:37:22,469 - INFO - Received: player1:TOUCHPAD:-2.3,-0.2
2025-05-17 18:37:22,502 - INFO - Received: player1:TOUCHPAD:-2.4,-0.2
2025-05-17 18:37:22,572 - INFO - Received: player1:TOUCHPAD:-2.4,-0.2
2025-05-17 18:37:22,842 - INFO - Received: player1:TOUCHPAD:0.0,0.0
2025-05-17 18:37:22,941 - INFO - Received: player1:TOUCHPAD:-2.3,-0.0
2025-05-17 18:37:22,944 - INFO - Received: player1:TOUCHPAD:-2.2,-0.0
2025-05-17 18:37:22,953 - INFO - Received: player1:TOUCHPAD:-2.1,-0.0
2025-05-17 18:37:22,960 - INFO - Received: player1:TOUCHPAD:-1.9,-0.0
2025-05-17 18:37:22,966 - INFO - Received: player1:TOUCHPAD:-1.7,-0.0
2025-05-17 18:37:22,975 - INFO - Received: player1:TOUCHPAD:-1.5,-0.0
2025-05-17 18:37:22,984 - INFO - Received: player1:TOUCHPAD:-1.4,-0.0
2025-05-17 18:37:22,993 - INFO - Received: player1:TOUCHPAD:-1.3,-0.0
2025-05-17 18:37:23,004 - INFO - Received: player1:TOUCHPAD:-1.2,-0.0
2025-05-17 18:37:23,010 - INFO - Received: player1:TOUCHPAD:-1.1,0.0
2025-05-17 18:37:23,021 - INFO - Received: player1:TOUCHPAD:-1.1,0.0
2025-05-17 18:37:23,029 - INFO - Received: player1:TOUCHPAD:-1.0,0.0
2025-05-17 18:37:23,034 - INFO - Received: player1:TOUCHPAD:-0.9,0.0
2025-05-17 18:37:23,044 - INFO - Received: player1:TOUCHPAD:-0.9,0.0
2025-05-17 18:37:23,052 - INFO - Received: player1:TOUCHPAD:-0.8,0.0
2025-05-17 18:37:23,065 - INFO - Received: player1:TOUCHPAD:-0.8,0.0
2025-05-17 18:37:23,069 - INFO - Received: player1:TOUCHPAD:-0.8,0.0
2025-05-17 18:37:23,076 - INFO - Received: player1:TOUCHPAD:-0.7,0.0
2025-05-17 18:37:23,085 - INFO - Received: player1:TOUCHPAD:-0.7,0.0
2025-05-17 18:37:23,095 - INFO - Received: player1:TOUCHPAD:-0.7,0.0
2025-05-17 18:37:23,109 - INFO - Received: player1:TOUCHPAD:-0.7,0.0
2025-05-17 18:37:23,119 - INFO - Received: player1:TOUCHPAD:-0.6,0.0
2025-05-17 18:37:23,144 - INFO - Received: player1:TOUCHPAD:-0.6,0.0
2025-05-17 18:37:23,258 - INFO - Received: player1:TOUCHPAD:-0.6,-0.0
2025-05-17 18:37:23,282 - INFO - Received: player1:TOUCHPAD:-0.6,-0.0
2025-05-17 18:37:23,681 - INFO - Received: player1:TOUCHPAD:0.0,0.0
2025-05-17 18:37:23,708 - INFO - Received: player1:TOUCHPAD:-1.7,-0.0
2025-05-17 18:37:23,732 - INFO - Received: player1:TOUCHPAD:-1.6,-0.0
2025-05-17 18:37:23,752 - INFO - Received: player1:TOUCHPAD:-1.6,-0.0
2025-05-17 18:37:23,767 - INFO - Received: player1:TOUCHPAD:-1.5,-0.0
2025-05-17 18:37:23,772 - INFO - Received: player1:TOUCHPAD:-1.5,-0.0
2025-05-17 18:37:23,781 - INFO - Received: player1:TOUCHPAD:-1.4,-0.0
2025-05-17 18:37:23,786 - INFO - Received: player1:TOUCHPAD:-1.3,-0.0
2025-05-17 18:37:23,796 - INFO - Received: player1:TOUCHPAD:-1.2,-0.0
2025-05-17 18:37:23,806 - INFO - Received: player1:TOUCHPAD:-1.1,-0.0
2025-05-17 18:37:23,811 - INFO - Received: player1:TOUCHPAD:-1.0,-0.0
2025-05-17 18:37:23,827 - INFO - Received: player1:TOUCHPAD:-0.9,-0.0
2025-05-17 18:37:23,829 - INFO - Received: player1:TOUCHPAD:-0.8,-0.0
2025-05-17 18:37:23,837 - INFO - Received: player1:TOUCHPAD:-0.7,-0.0
2025-05-17 18:37:23,847 - INFO - Received: player1:TOUCHPAD:-0.7,-0.0
2025-05-17 18:37:23,857 - INFO - Received: player1:TOUCHPAD:-0.7,-0.0
2025-05-17 18:37:23,863 - INFO - Received: player1:TOUCHPAD:-0.6,-0.0
2025-05-17 18:37:23,873 - INFO - Received: player1:TOUCHPAD:-0.6,-0.0
2025-05-17 18:37:23,881 - INFO - Received: player1:TOUCHPAD:-0.5,-0.0
2025-05-17 18:37:23,889 - INFO - Received: player1:TOUCHPAD:-0.5,-0.0
2025-05-17 18:37:23,898 - INFO - Received: player1:TOUCHPAD:-0.5,-0.0
2025-05-17 18:37:23,905 - INFO - Received: player1:TOUCHPAD:-0.4,-0.0
2025-05-17 18:37:23,914 - INFO - Received: player1:TOUCHPAD:-0.4,-0.0
2025-05-17 18:37:23,921 - INFO - Received: player1:TOUCHPAD:-0.4,-0.0
2025-05-17 18:37:23,932 - INFO - Received: player1:TOUCHPAD:-0.3,-0.0
2025-05-17 18:37:23,938 - INFO - Received: player1:TOUCHPAD:-0.3,-0.0
2025-05-17 18:37:23,949 - INFO - Received: player1:TOUCHPAD:-0.2,-0.0
2025-05-17 18:37:23,954 - INFO - Received: player1:TOUCHPAD:-0.2,-0.0
2025-05-17 18:37:23,965 - INFO - Received: player1:TOUCHPAD:-0.2,-0.0
2025-05-17 18:37:23,972 - INFO - Received: player1:TOUCHPAD:-0.1,-0.0
2025-05-17 18:37:23,985 - INFO - Received: player1:TOUCHPAD:-0.1,-0.0
2025-05-17 18:37:23,988 - INFO - Received: player1:TOUCHPAD:-0.1,-0.0
2025-05-17 18:37:23,998 - INFO - Received: player1:TOUCHPAD:-0.0,-0.0
2025-05-17 18:37:24,014 - INFO - Received: player1:TOUCHPAD:-0.0,-0.0
2025-05-17 18:37:24,057 - INFO - Received: player1:TOUCHPAD:-0.0,-0.0
2025-05-17 18:37:24,180 - INFO - Received: player1:TOUCHPAD:0.0,-0.0
2025-05-17 18:37:24,281 - INFO - Received: player1:TOUCHPAD:0.0,-0.0
2025-05-17 18:37:24,325 - INFO - Received: player1:TOUCHPAD:0.1,0.0
2025-05-17 18:37:24,360 - INFO - Received: player1:TOUCHPAD:0.1,0.0
2025-05-17 18:37:24,391 - INFO - Received: player1:TOUCHPAD:0.1,0.0
2025-05-17 18:37:24,424 - INFO - Received: player1:TOUCHPAD:0.2,0.0
2025-05-17 18:37:24,448 - INFO - Received: player1:TOUCHPAD:0.2,0.0
2025-05-17 18:37:24,468 - INFO - Received: player1:TOUCHPAD:0.2,0.0
2025-05-17 18:37:24,469 - INFO - Received: player1:TOUCHPAD:0.2,0.0
2025-05-17 18:37:24,474 - INFO - Received: player1:TOUCHPAD:0.3,0.0
2025-05-17 18:37:24,479 - INFO - Received: player1:TOUCHPAD:0.3,0.0
2025-05-17 18:37:24,744 - INFO - Received: player1:TOUCHPAD:0.0,0.0
2025-05-17 18:37:24,748 - INFO - Received: player1:TOUCHPAD:-0.6,0.0
2025-05-17 18:37:24,773 - INFO - Received: player1:TOUCHPAD:-0.6,0.0
2025-05-17 18:37:24,782 - INFO - Received: player1:TOUCHPAD:-0.5,0.0
2025-05-17 18:37:24,799 - INFO - Received: player1:TOUCHPAD:-0.5,0.0
2025-05-17 18:37:24,816 - INFO - Received: player1:TOUCHPAD:-0.5,0.0
2025-05-17 18:37:24,837 - INFO - Received: player1:TOUCHPAD:-0.4,0.0
2025-05-17 18:37:24,838 - INFO - Received: player1:TOUCHPAD:-0.4,0.0
2025-05-17 18:37:24,850 - INFO - Received: player1:TOUCHPAD:-0.3,0.0
2025-05-17 18:37:24,856 - INFO - Received: player1:TOUCHPAD:-0.2,0.0
2025-05-17 18:37:24,882 - INFO - Received: player1:TOUCHPAD:-0.1,0.0
2025-05-17 18:37:24,887 - INFO - Received: player1:TOUCHPAD:-0.0,0.0
2025-05-17 18:37:24,898 - INFO - Received: player1:TOUCHPAD:-0.0,0.0
2025-05-17 18:37:24,940 - INFO - Received: player1:TOUCHPAD:-0.0,0.0
2025-05-17 18:37:25,164 - INFO - Received: player1:TOUCHPAD:0.0,0.0
2025-05-17 18:37:25,218 - INFO - Received: player1:TOUCHPAD:0.0,0.0
2025-05-17 18:37:25,267 - INFO - Received: player1:TOUCHPAD:0.0,0.0
2025-05-17 18:37:25,294 - INFO - Received: player1:TOUCHPAD:0.1,0.0
2025-05-17 18:37:25,338 - INFO - Received: player1:TOUCHPAD:0.1,0.0
2025-05-17 18:37:25,396 - INFO - Received: player1:TOUCHPAD:0.2,0.0
2025-05-17 18:37:25,466 - INFO - Received: player1:TOUCHPAD:0.2,0.0
2025-05-17 18:37:26,329 - INFO - Received: player1:TOUCHPAD:0.0,0.0
2025-05-17 18:37:26,369 - INFO - Received: player1:TOUCHPAD:-0.0,0.0
2025-05-17 18:37:26,386 - INFO - Received: player1:TOUCHPAD:0.0,-0.0
2025-05-17 18:37:26,391 - INFO - Received: player1:TOUCHPAD:0.3,-0.0
2025-05-17 18:37:26,400 - INFO - Received: player1:TOUCHPAD:0.7,-0.1
2025-05-17 18:37:26,408 - INFO - Received: player1:TOUCHPAD:1.2,-0.2
2025-05-17 18:37:26,415 - INFO - Received: player1:TOUCHPAD:1.6,-0.3
2025-05-17 18:37:26,426 - INFO - Received: player1:TOUCHPAD:2.0,-0.3
2025-05-17 18:37:26,433 - INFO - Received: player1:TOUCHPAD:2.2,-0.4
2025-05-17 18:37:26,442 - INFO - Received: player1:TOUCHPAD:2.4,-0.4
2025-05-17 18:37:26,451 - INFO - Received: player1:TOUCHPAD:2.7,-0.4
2025-05-17 18:37:26,470 - INFO - Received: player1:TOUCHPAD:3.4,-0.4
2025-05-17 18:37:26,474 - INFO - Received: player1:TOUCHPAD:3.7,-0.4
2025-05-17 18:37:26,494 - INFO - Received: player1:TOUCHPAD:4.2,-0.4
2025-05-17 18:37:26,500 - INFO - Received: player1:TOUCHPAD:4.4,-0.4
2025-05-17 18:37:26,511 - INFO - Received: player1:TOUCHPAD:4.6,-0.4
2025-05-17 18:37:26,528 - INFO - Received: player1:TOUCHPAD:5.1,-0.4
2025-05-17 18:37:26,552 - INFO - Received: player1:TOUCHPAD:5.4,-0.5
2025-05-17 18:37:26,562 - INFO - Received: player1:TOUCHPAD:5.4,-0.5
2025-05-17 18:37:26,565 - INFO - Received: player1:TOUCHPAD:5.4,-0.6
2025-05-17 18:37:27,219 - INFO - Received: player1:TOUCHPAD:0.0,0.0
2025-05-17 18:37:27,231 - INFO - Received: player1:TOUCHPAD:-0.5,-0.1
2025-05-17 18:37:27,264 - INFO - Received: player1:TOUCHPAD:-0.4,-0.0
2025-05-17 18:37:27,297 - INFO - Received: player1:TOUCHPAD:-0.4,-0.0
2025-05-17 18:37:27,306 - INFO - Received: player1:TOUCHPAD:-0.4,-0.0
2025-05-17 18:37:27,311 - INFO - Received: player1:TOUCHPAD:-0.3,-0.0
2025-05-17 18:37:27,319 - INFO - Received: player1:TOUCHPAD:-0.2,-0.0
2025-05-17 18:37:27,327 - INFO - Received: player1:TOUCHPAD:-0.2,-0.0
2025-05-17 18:37:27,338 - INFO - Received: player1:TOUCHPAD:-0.1,0.0
2025-05-17 18:37:27,344 - INFO - Received: player1:TOUCHPAD:-0.1,0.0
2025-05-17 18:37:27,352 - INFO - Received: player1:TOUCHPAD:-0.1,0.0
2025-05-17 18:37:27,361 - INFO - Received: player1:TOUCHPAD:-0.0,0.0
2025-05-17 18:37:27,369 - INFO - Received: player1:TOUCHPAD:-0.0,0.0
2025-05-17 18:37:27,384 - INFO - Received: player1:TOUCHPAD:-0.0,0.1
2025-05-17 18:37:27,397 - INFO - Received: player1:TOUCHPAD:-0.0,0.2
2025-05-17 18:37:27,403 - INFO - Received: player1:TOUCHPAD:-0.0,0.2
2025-05-17 18:37:27,415 - INFO - Received: player1:TOUCHPAD:-0.0,0.3
2025-05-17 18:37:27,419 - INFO - Received: player1:TOUCHPAD:-0.0,0.4
2025-05-17 18:37:27,437 - INFO - Received: player1:TOUCHPAD:-0.0,0.4
2025-05-17 18:37:27,438 - INFO - Received: player1:TOUCHPAD:-0.0,0.5
2025-05-17 18:37:27,444 - INFO - Received: player1:TOUCHPAD:0.0,0.5
2025-05-17 18:37:27,452 - INFO - Received: player1:TOUCHPAD:0.0,0.6
2025-05-17 18:37:27,460 - INFO - Received: player1:TOUCHPAD:0.0,0.7
2025-05-17 18:37:27,469 - INFO - Received: player1:TOUCHPAD:0.0,0.7
2025-05-17 18:37:27,478 - INFO - Received: player1:TOUCHPAD:0.0,0.8
2025-05-17 18:37:27,485 - INFO - Received: player1:TOUCHPAD:0.0,0.8
2025-05-17 18:37:27,495 - INFO - Received: player1:TOUCHPAD:0.0,0.9
2025-05-17 18:37:27,507 - INFO - Received: player1:TOUCHPAD:0.0,1.0
2025-05-17 18:37:27,521 - INFO - Received: player1:TOUCHPAD:0.1,1.1
2025-05-17 18:37:27,529 - INFO - Received: player1:TOUCHPAD:0.1,1.2
2025-05-17 18:37:27,537 - INFO - Received: player1:TOUCHPAD:0.2,1.3
2025-05-17 18:37:27,555 - INFO - Received: player1:TOUCHPAD:0.2,1.4
2025-05-17 18:37:27,555 - INFO - Received: player1:TOUCHPAD:0.3,1.5
2025-05-17 18:37:27,563 - INFO - Received: player1:TOUCHPAD:0.3,1.6
2025-05-17 18:37:27,570 - INFO - Received: player1:TOUCHPAD:0.4,1.8
2025-05-17 18:37:27,580 - INFO - Received: player1:TOUCHPAD:0.6,1.9
2025-05-17 18:37:27,586 - INFO - Received: player1:TOUCHPAD:0.7,1.9
2025-05-17 18:37:27,595 - INFO - Received: player1:TOUCHPAD:0.8,2.0
2025-05-17 18:37:27,605 - INFO - Received: player1:TOUCHPAD:0.9,2.0
2025-05-17 18:37:27,613 - INFO - Received: player1:TOUCHPAD:0.9,2.1
2025-05-17 18:37:27,622 - INFO - Received: player1:TOUCHPAD:0.9,2.2
2025-05-17 18:37:27,627 - INFO - Received: player1:TOUCHPAD:0.9,2.3
2025-05-17 18:37:27,636 - INFO - Received: player1:TOUCHPAD:0.8,2.3
2025-05-17 18:37:27,645 - INFO - Received: player1:TOUCHPAD:0.8,2.3
2025-05-17 18:37:28,041 - INFO - Received: player1:TOUCHPAD:0.0,0.0
2025-05-17 18:37:28,041 - INFO - Received: player1:TOUCHPAD:-0.4,0.0
2025-05-17 18:37:28,072 - INFO - Received: player1:TOUCHPAD:-0.4,0.0
2025-05-17 18:37:28,083 - INFO - Received: player1:TOUCHPAD:-0.4,0.0
2025-05-17 18:37:28,098 - INFO - Received: player1:TOUCHPAD:-0.4,0.0
2025-05-17 18:37:28,116 - INFO - Received: player1:TOUCHPAD:-0.3,0.0
2025-05-17 18:37:28,133 - INFO - Received: player1:TOUCHPAD:-0.3,0.0
2025-05-17 18:37:28,149 - INFO - Received: player1:TOUCHPAD:-0.3,0.0
2025-05-17 18:37:28,156 - INFO - Received: player1:TOUCHPAD:-0.2,0.0
2025-05-17 18:37:28,176 - INFO - Received: player1:TOUCHPAD:-0.0,-0.0
2025-05-17 18:37:28,192 - INFO - Received: player1:TOUCHPAD:-0.0,-0.0
2025-05-17 18:37:28,242 - INFO - Received: player1:TOUCHPAD:0.0,-0.0
2025-05-17 18:37:28,295 - INFO - Received: player1:TOUCHPAD:0.0,-0.0
2025-05-17 18:37:28,333 - INFO - Received: player1:TOUCHPAD:0.1,-0.0
2025-05-17 18:37:28,366 - INFO - Received: player1:TOUCHPAD:0.1,-0.0
2025-05-17 18:37:28,493 - INFO - Received: player1:TOUCHPAD:0.1,-0.0
2025-05-17 18:37:28,506 - INFO - Received: player1:TOUCHPAD:0.0,-0.0
2025-05-17 18:37:28,894 - INFO - Received: player1:TOUCHPAD:0.0,0.0
2025-05-17 18:37:28,927 - INFO - Received: player1:TOUCHPAD:-0.2,0.0
2025-05-17 18:37:28,970 - INFO - Received: player1:TOUCHPAD:-0.2,0.0
2025-05-17 18:37:29,021 - INFO - Received: player1:TOUCHPAD:-0.1,0.0
2025-05-17 18:37:29,070 - INFO - Received: player1:TOUCHPAD:-0.2,-0.0
2025-05-17 18:37:29,082 - INFO - Received: player1:TOUCHPAD:-0.2,-0.0
2025-05-17 18:37:29,088 - INFO - Received: player1:TOUCHPAD:-0.2,-0.1
2025-05-17 18:37:29,095 - INFO - Received: player1:TOUCHPAD:-0.2,-0.1
2025-05-17 18:37:29,103 - INFO - Received: player1:TOUCHPAD:-0.2,-0.1
2025-05-17 18:37:29,112 - INFO - Received: player1:TOUCHPAD:-0.3,-0.1
2025-05-17 18:37:29,120 - INFO - Received: player1:TOUCHPAD:-0.3,-0.2
2025-05-17 18:37:29,126 - INFO - Received: player1:TOUCHPAD:-0.3,-0.2
2025-05-17 18:37:29,135 - INFO - Received: player1:TOUCHPAD:-0.3,-0.2
2025-05-17 18:37:29,143 - INFO - Received: player1:TOUCHPAD:-0.4,-0.2
2025-05-17 18:37:29,153 - INFO - Received: player1:TOUCHPAD:-0.4,-0.2
2025-05-17 18:37:29,162 - INFO - Received: player1:TOUCHPAD:-0.5,-0.3
2025-05-17 18:37:29,167 - INFO - Received: player1:TOUCHPAD:-0.5,-0.3
2025-05-17 18:37:29,176 - INFO - Received: player1:TOUCHPAD:-0.5,-0.3
2025-05-17 18:37:29,186 - INFO - Received: player1:TOUCHPAD:-0.6,-0.3
2025-05-17 18:37:29,194 - INFO - Received: player1:TOUCHPAD:-0.6,-0.3
2025-05-17 18:37:29,202 - INFO - Received: player1:TOUCHPAD:-0.6,-0.3
2025-05-17 18:37:29,210 - INFO - Received: player1:TOUCHPAD:-0.6,-0.4
2025-05-17 18:37:29,228 - INFO - Received: player1:TOUCHPAD:-0.7,-0.4
2025-05-17 18:37:29,244 - INFO - Received: player1:TOUCHPAD:-0.7,-0.4
2025-05-17 18:37:29,266 - INFO - Received: player1:TOUCHPAD:-0.7,-0.4
2025-05-17 18:37:29,286 - INFO - Received: player1:TOUCHPAD:-0.7,-0.5
2025-05-17 18:37:29,319 - INFO - Received: player1:TOUCHPAD:-0.7,-0.5
2025-05-17 18:37:29,370 - INFO - Received: player1:TOUCHPAD:-0.7,-0.5
2025-05-17 18:37:29,394 - INFO - Received: player1:TOUCHPAD:-0.8,-0.5
2025-05-17 18:37:29,411 - INFO - Received: player1:TOUCHPAD:-0.8,-0.5
2025-05-17 18:37:29,430 - INFO - Received: player1:TOUCHPAD:-0.8,-0.5
2025-05-17 18:37:29,444 - INFO - Received: player1:TOUCHPAD:-0.9,-0.5
2025-05-17 18:37:29,462 - INFO - Received: player1:TOUCHPAD:-0.9,-0.5
2025-05-17 18:37:29,479 - INFO - Received: player1:TOUCHPAD:-0.9,-0.4
2025-05-17 18:37:29,500 - INFO - Received: player1:TOUCHPAD:-1.0,-0.4
2025-05-17 18:37:29,511 - INFO - Received: player1:TOUCHPAD:-1.0,-0.4
2025-05-17 18:37:29,527 - INFO - Received: player1:TOUCHPAD:-1.1,-0.4
2025-05-17 18:37:29,643 - INFO - Received: player1:TOUCHPAD:-1.0,-0.4
2025-05-17 18:37:29,643 - INFO - Received: player1:TOUCHPAD:-1.0,-0.4
2025-05-17 18:37:29,657 - INFO - Received: player1:TOUCHPAD:-0.9,-0.4
2025-05-17 18:37:29,660 - INFO - Received: player1:TOUCHPAD:-0.9,-0.4
2025-05-17 18:37:29,670 - INFO - Received: player1:TOUCHPAD:-0.8,-0.4
2025-05-17 18:37:29,676 - INFO - Received: player1:TOUCHPAD:-0.8,-0.4
2025-05-17 18:37:29,693 - INFO - Received: player1:TOUCHPAD:-0.7,-0.3
2025-05-17 18:37:29,693 - INFO - Received: player1:TOUCHPAD:-0.7,-0.3
2025-05-17 18:37:29,703 - INFO - Received: player1:TOUCHPAD:-0.6,-0.3
2025-05-17 18:37:29,719 - INFO - Received: player1:TOUCHPAD:-0.5,-0.3
2025-05-17 18:37:29,732 - INFO - Received: player1:TOUCHPAD:-0.5,-0.3
2025-05-17 18:37:29,743 - INFO - Received: player1:TOUCHPAD:-0.4,-0.2
2025-05-17 18:37:29,751 - INFO - Received: player1:TOUCHPAD:-0.3,-0.2
2025-05-17 18:37:29,759 - INFO - Received: player1:TOUCHPAD:-0.3,-0.2
2025-05-17 18:37:29,769 - INFO - Received: player1:TOUCHPAD:-0.2,-0.2
2025-05-17 18:37:29,777 - INFO - Received: player1:TOUCHPAD:-0.2,-0.2
2025-05-17 18:37:29,794 - INFO - Received: player1:TOUCHPAD:-0.1,-0.1
2025-05-17 18:37:29,812 - INFO - Received: player1:TOUCHPAD:-0.0,-0.1
2025-05-17 18:37:29,828 - INFO - Received: player1:TOUCHPAD:-0.0,-0.1
2025-05-17 18:37:29,870 - INFO - Received: player1:TOUCHPAD:0.0,-0.1
2025-05-17 18:37:29,904 - INFO - Received: player1:TOUCHPAD:0.0,-0.0
2025-05-17 18:37:29,932 - INFO - Received: player1:TOUCHPAD:0.0,-0.0
2025-05-17 18:37:29,962 - INFO - Received: player1:TOUCHPAD:0.1,-0.0
2025-05-17 18:37:29,994 - INFO - Received: player1:TOUCHPAD:0.1,-0.0
2025-05-17 18:37:30,029 - INFO - Received: player1:TOUCHPAD:0.2,-0.0
2025-05-17 18:37:30,046 - INFO - Received: player1:TOUCHPAD:0.2,-0.0
2025-05-17 18:37:30,062 - INFO - Received: player1:TOUCHPAD:0.2,-0.0
2025-05-17 18:37:30,079 - INFO - Received: player1:TOUCHPAD:0.2,-0.0
2025-05-17 18:37:30,099 - INFO - Received: player1:TOUCHPAD:0.3,-0.0
2025-05-17 18:37:30,102 - INFO - Received: player1:TOUCHPAD:0.3,-0.0
2025-05-17 18:37:30,121 - INFO - Received: player1:TOUCHPAD:0.3,-0.0
2025-05-17 18:37:30,137 - INFO - Received: player1:TOUCHPAD:0.3,-0.0
2025-05-17 18:37:30,162 - INFO - Received: player1:TOUCHPAD:0.3,-0.0
2025-05-17 18:37:30,186 - INFO - Received: player1:TOUCHPAD:0.4,-0.0
2025-05-17 18:37:30,215 - INFO - Received: player1:TOUCHPAD:0.4,-0.0
2025-05-17 18:37:30,255 - INFO - Received: player1:TOUCHPAD:0.4,-0.0
2025-05-17 18:37:30,300 - INFO - Received: player1:TOUCHPAD:0.4,-0.0
2025-05-17 18:37:30,321 - INFO - Received: player1:TOUCHPAD:0.5,-0.0
2025-05-17 18:37:30,346 - INFO - Received: player1:TOUCHPAD:0.5,-0.0
2025-05-17 18:37:30,370 - INFO - Received: player1:TOUCHPAD:0.5,-0.0
2025-05-17 18:37:30,394 - INFO - Received: player1:TOUCHPAD:0.5,-0.0
2025-05-17 18:37:30,421 - INFO - Received: player1:TOUCHPAD:0.6,-0.0
2025-05-17 18:37:30,444 - INFO - Received: player1:TOUCHPAD:0.6,-0.0
2025-05-17 18:37:30,470 - INFO - Received: player1:TOUCHPAD:0.6,-0.0
2025-05-17 18:37:30,515 - INFO - Received: player1:TOUCHPAD:0.6,-0.0
2025-05-17 18:37:31,034 - INFO - Received: player1:TOUCHPAD:0.0,0.0
2025-05-17 18:37:31,073 - INFO - Received: player1:TOUCHPAD:-0.1,-0.1
2025-05-17 18:37:31,105 - INFO - Received: player1:TOUCHPAD:-0.1,-0.1
2025-05-17 18:37:31,140 - INFO - Received: player1:TOUCHPAD:-0.0,-0.1
2025-05-17 18:37:31,193 - INFO - Received: player1:TOUCHPAD:-0.0,-0.1
2025-05-17 18:37:31,238 - INFO - Received: player1:TOUCHPAD:-0.0,-0.1
2025-05-17 18:37:31,262 - INFO - Received: player1:TOUCHPAD:-0.0,-0.0
2025-05-17 18:37:31,286 - INFO - Received: player1:TOUCHPAD:0.0,-0.0
2025-05-17 18:37:31,312 - INFO - Received: player1:TOUCHPAD:0.0,-0.0
2025-05-17 18:37:31,329 - INFO - Received: player1:TOUCHPAD:0.0,-0.0
2025-05-17 18:37:31,339 - INFO - Received: player1:TOUCHPAD:0.1,-0.0
2025-05-17 18:37:31,345 - INFO - Received: player1:TOUCHPAD:0.1,-0.0
2025-05-17 18:37:31,371 - INFO - Received: player1:TOUCHPAD:0.1,-0.0
2025-05-17 18:37:31,377 - INFO - Received: player1:TOUCHPAD:0.2,-0.0
2025-05-17 18:37:31,398 - INFO - Received: player1:TOUCHPAD:0.2,-0.0
2025-05-17 18:37:31,403 - INFO - Received: player1:TOUCHPAD:0.2,-0.0
2025-05-17 18:37:31,409 - INFO - Received: player1:TOUCHPAD:0.2,-0.0
2025-05-17 18:37:31,429 - INFO - Received: player1:TOUCHPAD:0.2,-0.0
2025-05-17 18:37:31,446 - INFO - Received: player1:TOUCHPAD:0.3,-0.0
2025-05-17 18:37:31,462 - INFO - Received: player1:TOUCHPAD:0.3,-0.0
2025-05-17 18:37:31,469 - INFO - Received: player1:TOUCHPAD:0.3,-0.0
2025-05-17 18:37:31,488 - INFO - Received: player1:TOUCHPAD:0.4,-0.0
2025-05-17 18:37:31,502 - INFO - Received: player1:TOUCHPAD:0.4,-0.0
2025-05-17 18:37:31,519 - INFO - Received: player1:TOUCHPAD:0.4,-0.0
2025-05-17 18:37:31,552 - INFO - Received: player1:TOUCHPAD:0.4,-0.0
2025-05-17 18:37:31,580 - INFO - Received: player1:TOUCHPAD:0.5,-0.0
2025-05-17 18:37:31,598 - INFO - Received: player1:TOUCHPAD:0.5,-0.0
2025-05-17 18:37:31,620 - INFO - Received: player1:TOUCHPAD:0.5,-0.0
2025-05-17 18:37:31,648 - INFO - Received: player1:TOUCHPAD:0.5,-0.0
2025-05-17 18:37:31,670 - INFO - Received: player1:TOUCHPAD:0.6,-0.0
2025-05-17 18:37:31,698 - INFO - Received: player1:TOUCHPAD:0.6,-0.0
2025-05-17 18:37:31,718 - INFO - Received: player1:TOUCHPAD:0.6,-0.0
2025-05-17 18:37:31,747 - INFO - Received: player1:TOUCHPAD:0.6,-0.0
2025-05-17 18:37:31,770 - INFO - Received: player1:TOUCHPAD:0.7,-0.0
2025-05-17 18:37:31,793 - INFO - Received: player1:TOUCHPAD:0.7,-0.0
2025-05-17 18:37:31,820 - INFO - Received: player1:TOUCHPAD:0.7,-0.0
2025-05-17 18:37:31,842 - INFO - Received: player1:TOUCHPAD:0.7,-0.0
2025-05-17 18:37:31,870 - INFO - Received: player1:TOUCHPAD:0.8,-0.0
2025-05-17 18:37:31,895 - INFO - Received: player1:TOUCHPAD:0.8,-0.0
2025-05-17 18:37:31,922 - INFO - Received: player1:TOUCHPAD:0.8,-0.0
2025-05-17 18:37:31,961 - INFO - Received: player1:TOUCHPAD:0.9,-0.0
2025-05-17 18:37:31,979 - INFO - Received: player1:TOUCHPAD:0.9,-0.0
2025-05-17 18:37:32,013 - INFO - Received: player1:TOUCHPAD:0.9,-0.0
2025-05-17 18:37:32,039 - INFO - Received: player1:TOUCHPAD:1.0,-0.0
2025-05-17 18:37:32,070 - INFO - Received: player1:TOUCHPAD:1.0,-0.0
2025-05-17 18:37:32,113 - INFO - Received: player1:TOUCHPAD:1.0,-0.0
2025-05-17 18:37:32,153 - INFO - Received: player1:TOUCHPAD:1.1,-0.0
2025-05-17 18:37:32,196 - INFO - Received: player1:TOUCHPAD:1.1,-0.0
2025-05-17 18:37:32,531 - INFO - Received: player1:TOUCHPAD:1.1,-0.0
2025-05-17 18:37:32,778 - INFO - Received: player1:TOUCHPAD:1.1,-0.0
2025-05-17 18:37:32,795 - INFO - Received: player1:TOUCHPAD:1.1,-0.0
2025-05-17 18:37:32,819 - INFO - Received: player1:TOUCHPAD:1.0,-0.0
2025-05-17 18:37:32,848 - INFO - Received: player1:TOUCHPAD:1.0,-0.0
2025-05-17 18:37:32,878 - INFO - Received: player1:TOUCHPAD:0.9,0.0
2025-05-17 18:37:32,919 - INFO - Received: player1:TOUCHPAD:0.9,0.0
2025-05-17 18:37:33,107 - INFO - Received: player1:TOUCHPAD:0.9,0.0
2025-05-17 18:37:33,147 - INFO - Received: player1:TOUCHPAD:0.9,0.0
2025-05-17 18:37:33,195 - INFO - Received: player1:TOUCHPAD:1.0,0.1
2025-05-17 18:37:33,218 - INFO - Received: player1:TOUCHPAD:1.0,0.1
2025-05-17 18:37:33,287 - INFO - Received: player1:TOUCHPAD:1.0,0.1
2025-05-17 18:37:33,398 - INFO - Received: player1:TOUCHPAD:1.0,0.2
2025-05-17 18:37:33,490 - INFO - Received: player1:TOUCHPAD:1.0,0.2
2025-05-17 18:37:33,512 - INFO - Received: player1:TOUCHPAD:1.0,0.2
2025-05-17 18:37:33,554 - INFO - Received: player1:TOUCHPAD:1.0,0.2
2025-05-17 18:37:33,570 - INFO - Received: player1:TOUCHPAD:0.9,0.2
2025-05-17 18:37:33,614 - INFO - Received: player1:TOUCHPAD:0.9,0.2
2025-05-17 18:37:33,646 - INFO - Received: player1:TOUCHPAD:0.9,0.2
2025-05-17 18:37:33,685 - INFO - Received: player1:TOUCHPAD:0.8,0.3
2025-05-17 18:37:33,713 - INFO - Received: player1:TOUCHPAD:0.8,0.3
2025-05-17 18:37:33,736 - INFO - Received: player1:TOUCHPAD:0.8,0.3
2025-05-17 18:37:33,771 - INFO - Received: player1:TOUCHPAD:0.8,0.3
2025-05-17 18:37:33,787 - INFO - Received: player1:TOUCHPAD:0.8,0.3
2025-05-17 18:37:33,829 - INFO - Received: player1:TOUCHPAD:0.7,0.4
2025-05-17 18:37:33,871 - INFO - Received: player1:TOUCHPAD:0.7,0.4
2025-05-17 18:37:33,918 - INFO - Received: player1:TOUCHPAD:0.7,0.4
2025-05-17 18:37:33,938 - INFO - Received: player1:TOUCHPAD:0.7,0.4
2025-05-17 18:37:33,993 - INFO - Received: player1:TOUCHPAD:0.6,0.4
2025-05-17 18:37:34,039 - INFO - Received: player1:TOUCHPAD:0.6,0.5
2025-05-17 18:37:34,100 - INFO - Received: player1:TOUCHPAD:0.6,0.5
2025-05-17 18:37:34,139 - INFO - Received: player1:TOUCHPAD:0.6,0.5
2025-05-17 18:37:34,193 - INFO - Received: player1:TOUCHPAD:0.5,0.5
2025-05-17 18:37:34,238 - INFO - Received: player1:TOUCHPAD:0.5,0.5
2025-05-17 18:37:34,278 - INFO - Received: player1:TOUCHPAD:0.5,0.5
2025-05-17 18:37:34,286 - INFO - Received: player1:TOUCHPAD:0.5,0.4
2025-05-17 18:37:34,296 - INFO - Received: player1:TOUCHPAD:0.4,0.4
2025-05-17 18:37:34,305 - INFO - Received: player1:TOUCHPAD:0.4,0.4
2025-05-17 18:37:34,701 - INFO - Received: player1:TOUCHPAD:0.0,0.0
2025-05-17 18:37:34,739 - INFO - Received: player1:TOUCHPAD:0.0,0.3
2025-05-17 18:37:34,914 - INFO - Received: player1:TOUCHPAD:0.0,0.3
2025-05-17 18:37:34,951 - INFO - Received: player1:TOUCHPAD:0.0,0.2
2025-05-17 18:37:35,032 - INFO - Received: player1:TOUCHPAD:-0.0,0.2
2025-05-17 18:37:35,091 - INFO - Received: player1:TOUCHPAD:-0.0,0.2
2025-05-17 18:37:35,163 - INFO - Received: player1:TOUCHPAD:-0.0,0.2
2025-05-17 18:37:35,753 - INFO - Received: player1:TOUCHPAD:0.0,0.0
2025-05-17 18:37:35,765 - INFO - Received: player1:TOUCHPAD:0.0,0.1
2025-05-17 18:37:35,966 - INFO - Received: player1:TOUCHPAD:0.0,0.0
2025-05-17 18:37:36,731 - INFO - Received: player1:TOUCHPAD:0.0,0.0
2025-05-17 18:37:36,736 - INFO - Received: player1:TOUCHPAD:-0.0,0.0
2025-05-17 18:37:36,885 - INFO - Received: player1:TOUCHPAD:-0.0,0.0
2025-05-17 18:37:36,897 - INFO - Received: player1:TOUCHPAD:-0.0,0.0
2025-05-17 18:37:36,927 - INFO - Received: player1:TOUCHPAD:-0.0,-0.0
2025-05-17 18:37:36,971 - INFO - Received: player1:TOUCHPAD:-0.1,0.0
2025-05-17 18:37:36,977 - INFO - Received: player1:TOUCHPAD:-0.1,-0.0
2025-05-17 18:37:37,349 - INFO - Received: player1:TOUCHPAD:0.0,0.0
2025-05-17 18:37:37,385 - INFO - Received: player1:TOUCHPAD:0.0,0.0
2025-05-17 18:37:37,474 - INFO - Received: player1:TOUCHPAD:-0.0,-0.0
2025-05-17 18:37:37,474 - INFO - Received: player1:TOUCHPAD:-0.0,-0.0
2025-05-17 18:37:37,479 - INFO - Received: player1:TOUCHPAD:-0.1,-0.0
2025-05-17 18:37:37,487 - INFO - Received: player1:TOUCHPAD:-0.1,-0.0
2025-05-17 18:37:37,497 - INFO - Received: player1:TOUCHPAD:-0.2,-0.0
2025-05-17 18:37:37,504 - INFO - Received: player1:TOUCHPAD:-0.2,-0.0
2025-05-17 18:37:37,515 - INFO - Received: player1:TOUCHPAD:-0.2,-0.1
2025-05-17 18:37:37,521 - INFO - Received: player1:TOUCHPAD:-0.3,-0.1
2025-05-17 18:37:37,530 - INFO - Received: player1:TOUCHPAD:-0.4,-0.1
2025-05-17 18:37:37,536 - INFO - Received: player1:TOUCHPAD:-0.4,-0.1
2025-05-17 18:37:37,549 - INFO - Received: player1:TOUCHPAD:-0.5,-0.1
2025-05-17 18:37:37,554 - INFO - Received: player1:TOUCHPAD:-0.5,-0.1
2025-05-17 18:37:37,561 - INFO - Received: player1:TOUCHPAD:-0.6,-0.2
2025-05-17 18:37:37,572 - INFO - Received: player1:TOUCHPAD:-0.7,-0.2
2025-05-17 18:37:37,924 - INFO - Received: player1:TOUCHPAD:0.0,0.0
2025-05-17 18:37:37,946 - INFO - Received: player1:TOUCHPAD:-0.0,0.2
2025-05-17 18:37:37,958 - INFO - Received: player1:TOUCHPAD:-0.0,0.2
2025-05-17 18:37:37,963 - INFO - Received: player1:TOUCHPAD:-0.0,0.2
2025-05-17 18:37:37,972 - INFO - Received: player1:TOUCHPAD:-0.0,0.1
2025-05-17 18:37:37,979 - INFO - Received: player1:TOUCHPAD:-0.0,0.0
2025-05-17 18:37:37,989 - INFO - Received: player1:TOUCHPAD:-0.1,0.0
2025-05-17 18:37:37,996 - INFO - Received: player1:TOUCHPAD:-0.1,0.0
2025-05-17 18:37:38,005 - INFO - Received: player1:TOUCHPAD:-0.2,0.0
2025-05-17 18:37:38,014 - INFO - Received: player1:TOUCHPAD:-0.2,0.0
2025-05-17 18:37:38,022 - INFO - Received: player1:TOUCHPAD:-0.3,0.0
2025-05-17 18:37:38,032 - INFO - Received: player1:TOUCHPAD:-0.3,0.0
2025-05-17 18:37:38,039 - INFO - Received: player1:TOUCHPAD:-0.4,-0.0
2025-05-17 18:37:38,048 - INFO - Received: player1:TOUCHPAD:-0.5,-0.0
2025-05-17 18:37:38,055 - INFO - Received: player1:TOUCHPAD:-0.5,-0.0
2025-05-17 18:37:38,064 - INFO - Received: player1:TOUCHPAD:-0.6,-0.0
2025-05-17 18:37:38,072 - INFO - Received: player1:TOUCHPAD:-0.6,-0.0
2025-05-17 18:37:38,080 - INFO - Received: player1:TOUCHPAD:-0.7,-0.0
2025-05-17 18:37:38,089 - INFO - Received: player1:TOUCHPAD:-0.7,-0.0
2025-05-17 18:37:38,098 - INFO - Received: player1:TOUCHPAD:-0.8,-0.0
2025-05-17 18:37:38,109 - INFO - Received: player1:TOUCHPAD:-0.8,-0.0
2025-05-17 18:37:38,114 - INFO - Received: player1:TOUCHPAD:-0.8,-0.0
2025-05-17 18:37:38,122 - INFO - Received: player1:TOUCHPAD:-0.9,-0.0
2025-05-17 18:37:38,131 - INFO - Received: player1:TOUCHPAD:-1.0,-0.1
2025-05-17 18:37:38,453 - INFO - Received: player1:TOUCHPAD:0.0,0.0
2025-05-17 18:37:38,465 - INFO - Received: player1:TOUCHPAD:-0.0,0.1
2025-05-17 18:37:38,532 - INFO - Received: player1:TOUCHPAD:-0.0,0.0
2025-05-17 18:37:38,542 - INFO - Received: player1:TOUCHPAD:-0.1,0.0
2025-05-17 18:37:38,548 - INFO - Received: player1:TOUCHPAD:-0.2,0.0
2025-05-17 18:37:38,557 - INFO - Received: player1:TOUCHPAD:-0.2,-0.0
2025-05-17 18:37:38,565 - INFO - Received: player1:TOUCHPAD:-0.3,-0.0
2025-05-17 18:37:38,574 - INFO - Received: player1:TOUCHPAD:-0.3,-0.0
2025-05-17 18:37:38,582 - INFO - Received: player1:TOUCHPAD:-0.4,-0.0
2025-05-17 18:37:38,609 - INFO - Received: player1:TOUCHPAD:-0.4,-0.0
2025-05-17 18:37:38,610 - INFO - Received: player1:TOUCHPAD:-0.5,-0.0
2025-05-17 18:37:38,610 - INFO - Received: player1:TOUCHPAD:-0.5,-0.0
2025-05-17 18:37:38,616 - INFO - Received: player1:TOUCHPAD:-0.6,-0.0
2025-05-17 18:37:38,628 - INFO - Received: player1:TOUCHPAD:-0.6,-0.0
2025-05-17 18:37:38,636 - INFO - Received: player1:TOUCHPAD:-0.6,-0.0
2025-05-17 18:37:38,642 - INFO - Received: player1:TOUCHPAD:-0.7,-0.0
2025-05-17 18:37:38,654 - INFO - Received: player1:TOUCHPAD:-0.8,-0.0
2025-05-17 18:37:38,931 - INFO - Received: player1:TOUCHPAD:0.0,0.0
2025-05-17 18:37:38,933 - INFO - Received: player1:TOUCHPAD:-0.1,0.1
2025-05-17 18:37:39,024 - INFO - Received: player1:TOUCHPAD:-0.1,0.0
2025-05-17 18:37:39,034 - INFO - Received: player1:TOUCHPAD:-0.1,0.0
2025-05-17 18:37:39,041 - INFO - Received: player1:TOUCHPAD:-0.2,0.0
2025-05-17 18:37:39,051 - INFO - Received: player1:TOUCHPAD:-0.2,0.0
2025-05-17 18:37:39,067 - INFO - Received: player1:TOUCHPAD:-0.3,-0.0
2025-05-17 18:37:39,076 - INFO - Received: player1:TOUCHPAD:-0.3,-0.0
2025-05-17 18:37:39,092 - INFO - Received: player1:TOUCHPAD:-0.4,-0.0
2025-05-17 18:37:39,100 - INFO - Received: player1:TOUCHPAD:-0.4,-0.0
2025-05-17 18:37:39,109 - INFO - Received: player1:TOUCHPAD:-0.5,-0.0
2025-05-17 18:37:39,115 - INFO - Received: player1:TOUCHPAD:-0.5,-0.0
2025-05-17 18:37:39,133 - INFO - Received: player1:TOUCHPAD:-0.5,-0.0
2025-05-17 18:37:39,149 - INFO - Received: player1:TOUCHPAD:-0.6,-0.0
2025-05-17 18:37:39,461 - INFO - Received: player1:TOUCHPAD:0.0,0.0
2025-05-17 18:37:39,477 - INFO - Received: player1:TOUCHPAD:-0.0,0.0
2025-05-17 18:37:39,577 - INFO - Received: player1:TOUCHPAD:-0.0,-0.0
2025-05-17 18:37:39,579 - INFO - Received: player1:TOUCHPAD:-0.1,-0.0
2025-05-17 18:37:39,588 - INFO - Received: player1:TOUCHPAD:-0.1,-0.0
2025-05-17 18:37:39,605 - INFO - Received: player1:TOUCHPAD:-0.2,-0.1
2025-05-17 18:37:39,632 - INFO - Received: player1:TOUCHPAD:-0.2,-0.1
2025-05-17 18:37:39,650 - INFO - Received: player1:TOUCHPAD:-0.2,-0.1
2025-05-17 18:37:39,664 - INFO - Received: player1:TOUCHPAD:-0.3,-0.1
2025-05-17 18:37:40,260 - INFO - Received: player1:TOUCHPAD:0.0,0.0
2025-05-17 18:37:40,302 - INFO - Received: player1:TOUCHPAD:-0.0,-0.0
2025-05-17 18:37:40,483 - INFO - Received: player1:TOUCHPAD:-0.0,-0.0
2025-05-17 18:37:40,517 - INFO - Received: player1:TOUCHPAD:-0.0,-0.0
2025-05-17 18:37:40,544 - INFO - Received: player1:TOUCHPAD:-0.0,-0.1
2025-05-17 18:37:40,548 - INFO - Received: player1:TOUCHPAD:-0.0,-0.1
2025-05-17 18:37:40,567 - INFO - Received: player1:TOUCHPAD:-0.0,-0.2
2025-05-17 18:37:40,575 - INFO - Received: player1:TOUCHPAD:-0.0,-0.2
2025-05-17 18:37:40,583 - INFO - Received: player1:TOUCHPAD:-0.0,-0.3
2025-05-17 18:37:40,591 - INFO - Received: player1:TOUCHPAD:-0.0,-0.3
2025-05-17 18:37:40,598 - INFO - Received: player1:TOUCHPAD:-0.0,-0.3
2025-05-17 18:37:40,612 - INFO - Received: player1:TOUCHPAD:-0.0,-0.3
2025-05-17 18:37:40,616 - INFO - Received: player1:TOUCHPAD:-0.0,-0.3
2025-05-17 18:37:40,631 - INFO - Received: player1:TOUCHPAD:-0.0,-0.4
2025-05-17 18:37:40,656 - INFO - Received: player1:TOUCHPAD:0.0,-0.4
2025-05-17 18:37:40,665 - INFO - Received: player1:TOUCHPAD:0.0,-0.4
2025-05-17 18:37:40,681 - INFO - Received: player1:TOUCHPAD:0.0,-0.5
2025-05-17 18:37:40,725 - INFO - Received: player1:TOUCHPAD:0.0,-0.5
2025-05-17 18:37:40,823 - INFO - Received: player1:TOUCHPAD:0.0,-0.4
2025-05-17 18:37:40,825 - INFO - Received: player1:TOUCHPAD:0.0,-0.4
2025-05-17 18:37:40,847 - INFO - Received: player1:TOUCHPAD:0.0,-0.4
2025-05-17 18:37:40,857 - INFO - Received: player1:TOUCHPAD:0.1,-0.4
2025-05-17 18:37:40,873 - INFO - Received: player1:TOUCHPAD:0.1,-0.3
2025-05-17 18:37:40,881 - INFO - Received: player1:TOUCHPAD:0.1,-0.3
2025-05-17 18:37:40,891 - INFO - Received: player1:TOUCHPAD:0.1,-0.3
2025-05-17 18:37:40,898 - INFO - Received: player1:TOUCHPAD:0.1,-0.3
2025-05-17 18:37:40,907 - INFO - Received: player1:TOUCHPAD:0.1,-0.3
2025-05-17 18:37:40,915 - INFO - Received: player1:TOUCHPAD:0.1,-0.2
2025-05-17 18:37:40,923 - INFO - Received: player1:TOUCHPAD:0.1,-0.2
2025-05-17 18:37:40,932 - INFO - Received: player1:TOUCHPAD:0.1,-0.2
2025-05-17 18:37:40,950 - INFO - Received: player1:TOUCHPAD:0.1,-0.2
2025-05-17 18:37:40,957 - INFO - Received: player1:TOUCHPAD:0.2,-0.1
2025-05-17 18:37:40,965 - INFO - Received: player1:TOUCHPAD:0.2,-0.1
2025-05-17 18:37:40,973 - INFO - Received: player1:TOUCHPAD:0.2,-0.1
2025-05-17 18:37:40,981 - INFO - Received: player1:TOUCHPAD:0.2,-0.0
2025-05-17 18:37:40,999 - INFO - Received: player1:TOUCHPAD:0.2,-0.0
2025-05-17 18:37:41,037 - INFO - Received: player1:TOUCHPAD:0.2,-0.0
2025-05-17 18:37:41,112 - INFO - Received: player1:TOUCHPAD:0.1,0.0
2025-05-17 18:37:41,126 - INFO - Received: player1:TOUCHPAD:0.1,0.0
2025-05-17 18:37:41,142 - INFO - Received: player1:TOUCHPAD:0.1,0.0
2025-05-17 18:37:41,153 - INFO - Received: player1:TOUCHPAD:0.1,0.1
2025-05-17 18:37:41,167 - INFO - Received: player1:TOUCHPAD:0.0,0.1
2025-05-17 18:37:41,193 - INFO - Received: player1:TOUCHPAD:0.0,0.2
2025-05-17 18:37:41,203 - INFO - Received: player1:TOUCHPAD:0.0,0.2
2025-05-17 18:37:41,208 - INFO - Received: player1:TOUCHPAD:0.0,0.3
2025-05-17 18:37:41,226 - INFO - Received: player1:TOUCHPAD:0.0,0.3
2025-05-17 18:37:41,234 - INFO - Received: player1:TOUCHPAD:0.0,0.3
2025-05-17 18:37:41,249 - INFO - Received: player1:TOUCHPAD:0.0,0.4
2025-05-17 18:37:41,276 - INFO - Received: player1:TOUCHPAD:0.0,0.4
2025-05-17 18:37:41,293 - INFO - Received: player1:TOUCHPAD:0.0,0.4
2025-05-17 18:37:41,308 - INFO - Received: player1:TOUCHPAD:0.0,0.5
2025-05-17 18:37:41,326 - INFO - Received: player1:TOUCHPAD:0.0,0.5
2025-05-17 18:37:41,350 - INFO - Received: player1:TOUCHPAD:0.0,0.5
2025-05-17 18:37:41,372 - INFO - Received: player1:TOUCHPAD:-0.0,0.5
2025-05-17 18:37:41,391 - INFO - Received: player1:TOUCHPAD:-0.0,0.5
2025-05-17 18:37:41,409 - INFO - Received: player1:TOUCHPAD:-0.0,0.6
2025-05-17 18:37:41,425 - INFO - Received: player1:TOUCHPAD:-0.1,0.5
2025-05-17 18:37:41,431 - INFO - Received: player1:TOUCHPAD:-0.1,0.5
2025-05-17 18:37:41,440 - INFO - Received: player1:TOUCHPAD:-0.1,0.5
2025-05-17 18:37:41,451 - INFO - Received: player1:TOUCHPAD:-0.2,0.5
2025-05-17 18:37:41,457 - INFO - Received: player1:TOUCHPAD:-0.2,0.5
2025-05-17 18:37:41,471 - INFO - Received: player1:TOUCHPAD:-0.2,0.5
2025-05-17 18:37:41,474 - INFO - Received: player1:TOUCHPAD:-0.2,0.5
2025-05-17 18:37:41,486 - INFO - Received: player1:TOUCHPAD:-0.2,0.4
2025-05-17 18:37:41,499 - INFO - Received: player1:TOUCHPAD:-0.3,0.4
2025-05-17 18:37:41,507 - INFO - Received: player1:TOUCHPAD:-0.3,0.4
2025-05-17 18:37:41,516 - INFO - Received: player1:TOUCHPAD:-0.3,0.3
2025-05-17 18:37:41,525 - INFO - Received: player1:TOUCHPAD:-0.3,0.3
2025-05-17 18:37:41,536 - INFO - Received: player1:TOUCHPAD:-0.3,0.3
2025-05-17 18:37:41,542 - INFO - Received: player1:TOUCHPAD:-0.3,0.3
2025-05-17 18:37:41,547 - INFO - Received: player1:TOUCHPAD:-0.3,0.2
2025-05-17 18:37:41,557 - INFO - Received: player1:TOUCHPAD:-0.3,0.2
2025-05-17 18:37:41,581 - INFO - Received: player1:TOUCHPAD:-0.3,0.2
2025-05-17 18:37:41,581 - INFO - Received: player1:TOUCHPAD:-0.3,0.2
2025-05-17 18:37:41,583 - INFO - Received: player1:TOUCHPAD:-0.3,0.1
2025-05-17 18:37:41,591 - INFO - Received: player1:TOUCHPAD:-0.3,0.1
2025-05-17 18:37:41,601 - INFO - Received: player1:TOUCHPAD:-0.3,0.1
2025-05-17 18:37:41,608 - INFO - Received: player1:TOUCHPAD:-0.3,0.0
2025-05-17 18:37:41,616 - INFO - Received: player1:TOUCHPAD:-0.3,0.0
2025-05-17 18:37:41,625 - INFO - Received: player1:TOUCHPAD:-0.3,0.0
2025-05-17 18:37:41,633 - INFO - Received: player1:TOUCHPAD:-0.2,0.0
2025-05-17 18:37:41,640 - INFO - Received: player1:TOUCHPAD:-0.2,0.0
2025-05-17 18:37:41,652 - INFO - Received: player1:TOUCHPAD:-0.1,0.0
2025-05-17 18:37:41,657 - INFO - Received: player1:TOUCHPAD:-0.1,-0.0
2025-05-17 18:37:41,668 - INFO - Received: player1:TOUCHPAD:-0.0,-0.0
2025-05-17 18:37:41,692 - INFO - Received: player1:TOUCHPAD:-0.0,-0.0
2025-05-17 18:37:41,780 - INFO - Received: player1:TOUCHPAD:-0.0,-0.0
2025-05-17 18:37:41,897 - INFO - Received: player1:TOUCHPAD:0.0,-0.0
2025-05-17 18:37:41,926 - INFO - Received: player1:TOUCHPAD:0.0,-0.0
2025-05-17 18:37:41,941 - INFO - Received: player1:TOUCHPAD:0.1,-0.0
2025-05-17 18:37:41,972 - INFO - Received: player1:TOUCHPAD:0.1,-0.0
2025-05-17 18:37:41,974 - INFO - Received: player1:TOUCHPAD:0.1,-0.0
2025-05-17 18:37:41,998 - INFO - Received: player1:TOUCHPAD:0.2,-0.0
2025-05-17 18:37:42,010 - INFO - Received: player1:TOUCHPAD:0.2,-0.0
2025-05-17 18:37:42,010 - INFO - Received: player1:TOUCHPAD:0.2,-0.0
2025-05-17 18:37:42,011 - INFO - Received: player1:TOUCHPAD:0.2,-0.0
2025-05-17 18:37:42,033 - INFO - Received: player1:TOUCHPAD:0.2,0.0
2025-05-17 18:37:42,053 - INFO - Received: player1:TOUCHPAD:0.3,0.0
2025-05-17 18:37:42,067 - INFO - Received: player1:TOUCHPAD:0.3,0.0
2025-05-17 18:37:42,084 - INFO - Received: player1:TOUCHPAD:0.3,0.1
2025-05-17 18:37:42,100 - INFO - Received: player1:TOUCHPAD:0.3,0.2
2025-05-17 18:37:42,108 - INFO - Received: player1:TOUCHPAD:0.3,0.2
2025-05-17 18:37:42,127 - INFO - Received: player1:TOUCHPAD:0.3,0.3
2025-05-17 18:37:42,132 - INFO - Received: player1:TOUCHPAD:0.3,0.4
2025-05-17 18:37:42,139 - INFO - Received: player1:TOUCHPAD:0.3,0.5
2025-05-17 18:37:42,149 - INFO - Received: player1:TOUCHPAD:0.3,0.5
2025-05-17 18:37:42,156 - INFO - Received: player1:TOUCHPAD:0.3,0.6
2025-05-17 18:37:42,166 - INFO - Received: player1:TOUCHPAD:0.3,0.6
2025-05-17 18:37:42,172 - INFO - Received: player1:TOUCHPAD:0.3,0.6
2025-05-17 18:37:42,182 - INFO - Received: player1:TOUCHPAD:0.2,0.7
2025-05-17 18:37:42,188 - INFO - Received: player1:TOUCHPAD:0.2,0.7
2025-05-17 18:37:42,199 - INFO - Received: player1:TOUCHPAD:0.2,0.8
2025-05-17 18:37:42,206 - INFO - Received: player1:TOUCHPAD:0.2,0.8
2025-05-17 18:37:42,225 - INFO - Received: player1:TOUCHPAD:0.2,0.8
2025-05-17 18:37:42,329 - INFO - Received: player1:TOUCHPAD:0.2,0.8
2025-05-17 18:37:42,336 - INFO - Received: player1:TOUCHPAD:0.2,0.8
2025-05-17 18:37:42,340 - INFO - Received: player1:TOUCHPAD:0.1,0.7
2025-05-17 18:37:42,348 - INFO - Received: player1:TOUCHPAD:0.1,0.7
2025-05-17 18:37:42,358 - INFO - Received: player1:TOUCHPAD:0.1,0.7
2025-05-17 18:37:42,382 - INFO - Received: player1:TOUCHPAD:0.0,0.5
2025-05-17 18:37:42,388 - INFO - Received: player1:TOUCHPAD:0.0,0.5
2025-05-17 18:37:42,400 - INFO - Received: player1:TOUCHPAD:0.0,0.5
2025-05-17 18:37:42,406 - INFO - Received: player1:TOUCHPAD:0.0,0.4
2025-05-17 18:37:42,415 - INFO - Received: player1:TOUCHPAD:0.0,0.4
2025-05-17 18:37:42,423 - INFO - Received: player1:TOUCHPAD:0.0,0.4
2025-05-17 18:37:42,435 - INFO - Received: player1:TOUCHPAD:0.0,0.3
2025-05-17 18:37:42,441 - INFO - Received: player1:TOUCHPAD:0.0,0.3
2025-05-17 18:37:42,457 - INFO - Received: player1:TOUCHPAD:0.0,0.2
2025-05-17 18:37:42,465 - INFO - Received: player1:TOUCHPAD:0.0,0.2
2025-05-17 18:37:42,474 - INFO - Received: player1:TOUCHPAD:-0.0,0.2
2025-05-17 18:37:42,492 - INFO - Received: player1:TOUCHPAD:-0.0,0.1
2025-05-17 18:37:42,493 - INFO - Received: player1:TOUCHPAD:-0.0,0.1
2025-05-17 18:37:42,498 - INFO - Received: player1:TOUCHPAD:-0.0,0.0
2025-05-17 18:37:42,516 - INFO - Received: player1:TOUCHPAD:-0.0,0.0
2025-05-17 18:37:42,540 - INFO - Received: player1:TOUCHPAD:-0.0,0.0
2025-05-17 18:37:42,637 - INFO - Received: player1:TOUCHPAD:-0.0,-0.0
2025-05-17 18:37:42,637 - INFO - Received: player1:TOUCHPAD:-0.0,-0.0
2025-05-17 18:37:42,640 - INFO - Received: player1:TOUCHPAD:-0.0,-0.1
2025-05-17 18:37:42,649 - INFO - Received: player1:TOUCHPAD:-0.0,-0.2
2025-05-17 18:37:42,698 - INFO - Received: player1:TOUCHPAD:0.0,-0.2
2025-05-17 18:37:42,700 - INFO - Received: player1:TOUCHPAD:0.0,-0.3
2025-05-17 18:37:42,700 - INFO - Received: player1:TOUCHPAD:0.0,-0.4
2025-05-17 18:37:42,700 - INFO - Received: player1:TOUCHPAD:0.0,-0.4
2025-05-17 18:37:42,700 - INFO - Received: player1:TOUCHPAD:0.0,-0.5
2025-05-17 18:37:42,700 - INFO - Received: player1:TOUCHPAD:0.0,-0.5
2025-05-17 18:37:42,708 - INFO - Received: player1:TOUCHPAD:0.0,-0.5
2025-05-17 18:37:42,716 - INFO - Received: player1:TOUCHPAD:0.0,-0.6
2025-05-17 18:37:42,724 - INFO - Received: player1:TOUCHPAD:0.0,-0.6
2025-05-17 18:37:42,731 - INFO - Received: player1:TOUCHPAD:0.0,-0.7
2025-05-17 18:37:42,739 - INFO - Received: player1:TOUCHPAD:0.1,-0.7
2025-05-17 18:37:42,748 - INFO - Received: player1:TOUCHPAD:0.1,-0.7
2025-05-17 18:37:42,762 - INFO - Received: player1:TOUCHPAD:0.1,-0.8
2025-05-17 18:37:42,765 - INFO - Received: player1:TOUCHPAD:0.2,-0.8
2025-05-17 18:37:42,773 - INFO - Received: player1:TOUCHPAD:0.2,-0.8
2025-05-17 18:37:42,782 - INFO - Received: player1:TOUCHPAD:0.2,-0.9
2025-05-17 18:37:42,791 - INFO - Received: player1:TOUCHPAD:0.2,-0.9
2025-05-17 18:37:42,799 - INFO - Received: player1:TOUCHPAD:0.3,-0.9
2025-05-17 18:37:42,807 - INFO - Received: player1:TOUCHPAD:0.3,-0.9
2025-05-17 18:37:42,817 - INFO - Received: player1:TOUCHPAD:0.3,-0.9
2025-05-17 18:37:42,823 - INFO - Received: player1:TOUCHPAD:0.4,-0.9
2025-05-17 18:37:42,832 - INFO - Received: player1:TOUCHPAD:0.4,-0.9
2025-05-17 18:37:42,841 - INFO - Received: player1:TOUCHPAD:0.4,-0.9
2025-05-17 18:37:42,849 - INFO - Received: player1:TOUCHPAD:0.4,-0.9
2025-05-17 18:37:42,858 - INFO - Received: player1:TOUCHPAD:0.5,-0.9
2025-05-17 18:37:42,865 - INFO - Received: player1:TOUCHPAD:0.5,-0.9
2025-05-17 18:37:42,877 - INFO - Received: player1:TOUCHPAD:0.6,-0.9
2025-05-17 18:37:42,882 - INFO - Received: player1:TOUCHPAD:0.6,-0.9
2025-05-17 18:37:42,889 - INFO - Received: player1:TOUCHPAD:0.7,-0.9
2025-05-17 18:37:42,910 - INFO - Received: player1:TOUCHPAD:0.7,-0.9
2025-05-17 18:37:42,912 - INFO - Received: player1:TOUCHPAD:0.8,-0.9
2025-05-17 18:37:42,917 - INFO - Received: player1:TOUCHPAD:0.8,-0.9
2025-05-17 18:37:42,926 - INFO - Received: player1:TOUCHPAD:0.9,-0.9
2025-05-17 18:37:42,931 - INFO - Received: player1:TOUCHPAD:0.9,-0.9
2025-05-17 18:37:42,950 - INFO - Received: player1:TOUCHPAD:1.0,-0.9
2025-05-17 18:37:42,965 - INFO - Received: player1:TOUCHPAD:1.2,-0.9
2025-05-17 18:37:42,972 - INFO - Received: player1:TOUCHPAD:1.2,-0.9
2025-05-17 18:37:42,982 - INFO - Received: player1:TOUCHPAD:1.3,-0.9
2025-05-17 18:37:43,028 - INFO - Received: player1:TOUCHPAD:1.4,-0.9
2025-05-17 18:37:43,028 - INFO - Received: player1:TOUCHPAD:1.5,-0.9
2025-05-17 18:37:43,028 - INFO - Received: player1:TOUCHPAD:1.6,-0.9
2025-05-17 18:37:43,039 - INFO - Received: player1:TOUCHPAD:1.7,-0.9
2025-05-17 18:37:43,041 - INFO - Received: player1:TOUCHPAD:1.7,-0.9
2025-05-17 18:37:43,049 - INFO - Received: player1:TOUCHPAD:1.8,-0.9
2025-05-17 18:37:43,057 - INFO - Received: player1:TOUCHPAD:1.9,-0.8
2025-05-17 18:37:43,065 - INFO - Received: player1:TOUCHPAD:1.9,-0.8
2025-05-17 18:37:43,075 - INFO - Received: player1:TOUCHPAD:2.0,-0.8
2025-05-17 18:37:43,107 - INFO - Received: player1:TOUCHPAD:2.1,-0.8
2025-05-17 18:37:43,117 - INFO - Received: player1:TOUCHPAD:2.1,-0.8
2025-05-17 18:37:43,131 - INFO - Received: player1:TOUCHPAD:2.2,-0.8
2025-05-17 18:37:43,158 - INFO - Received: player1:TOUCHPAD:2.2,-0.8
2025-05-17 18:37:43,192 - INFO - Received: player1:TOUCHPAD:2.3,-0.7
2025-05-17 18:37:43,232 - INFO - Received: player1:TOUCHPAD:2.4,-0.7
2025-05-17 18:37:43,258 - INFO - Received: player1:TOUCHPAD:2.4,-0.7
2025-05-17 18:37:43,305 - INFO - Received: player1:TOUCHPAD:2.2,-0.6
2025-05-17 18:37:46,611 - INFO - Received: player1:STICK_DIR_btnA:0.0,0.0
2025-05-17 18:37:46,612 - WARNING - Unknown coordinate command: STICK_DIR_btnA
